[debug] [2021-12-12T19:54:20.878Z] ----------------------------------------------------------------------
[debug] [2021-12-12T19:54:20.894Z] Command:       E:\Node\node.exe C:\Users\tarik\AppData\Roaming\npm\node_modules\firebase-tools\lib\bin\firebase.js deploy
[debug] [2021-12-12T19:54:20.894Z] CLI Version:   9.22.0
[debug] [2021-12-12T19:54:20.894Z] Platform:      win32
[debug] [2021-12-12T19:54:20.894Z] Node Version:  v14.18.1
[debug] [2021-12-12T19:54:20.972Z] Time:          Sun Dec 12 2021 20:54:20 GMT+0100 (Central European Standard Time)
[debug] [2021-12-12T19:54:20.972Z] ----------------------------------------------------------------------
[debug] 
[debug] [2021-12-12T19:54:21.144Z] > command requires scopes: ["email","openid","https://www.googleapis.com/auth/cloudplatformprojects.readonly","https://www.googleapis.com/auth/firebase","https://www.googleapis.com/auth/cloud-platform"]
[debug] [2021-12-12T19:54:21.144Z] > authorizing via signed-in user (rikdervisevic@gmail.com)
[debug] [2021-12-12T19:54:21.144Z] [iam] checking project tarikdportfolio for permissions ["firebase.projects.get","firebasehosting.sites.update"]
[debug] [2021-12-12T19:54:21.159Z] > refreshing access token with scopes: ["email","https://www.googleapis.com/auth/cloud-platform","https://www.googleapis.com/auth/cloudplatformprojects.readonly","https://www.googleapis.com/auth/firebase","openid"]
[debug] [2021-12-12T19:54:21.159Z] >>> HTTP REQUEST POST https://www.googleapis.com/oauth2/v3/token  
 <request body omitted>
[debug] [2021-12-12T19:54:21.477Z] <<< HTTP RESPONSE 200 {"pragma":"no-cache","date":"Sun, 12 Dec 2021 19:54:20 GMT","cache-control":"no-cache, no-store, max-age=0, must-revalidate","expires":"Mon, 01 Jan 1990 00:00:00 GMT","content-type":"application/json; charset=utf-8","vary":"X-Origin, Referer, Origin,Accept-Encoding","server":"scaffolding on HTTPServer2","x-xss-protection":"0","x-frame-options":"SAMEORIGIN","x-content-type-options":"nosniff","alt-svc":"h3=\":443\"; ma=2592000,h3-29=\":443\"; ma=2592000,h3-Q050=\":443\"; ma=2592000,h3-Q046=\":443\"; ma=2592000,h3-Q043=\":443\"; ma=2592000,quic=\":443\"; ma=2592000; v=\"46,43\"","accept-ranges":"none","transfer-encoding":"chunked"}
[debug] [2021-12-12T19:54:21.524Z] >>> HTTP REQUEST POST https://cloudresourcemanager.googleapis.com/v1/projects/tarikdportfolio:testIamPermissions  
 {"permissions":["firebase.projects.get","firebasehosting.sites.update"]}
[debug] [2021-12-12T19:54:22.421Z] <<< HTTP RESPONSE 200 {"content-type":"application/json; charset=UTF-8","vary":"X-Origin, Referer, Origin,Accept-Encoding","date":"Sun, 12 Dec 2021 19:54:21 GMT","server":"ESF","cache-control":"private","x-xss-protection":"0","x-frame-options":"SAMEORIGIN","x-content-type-options":"nosniff","server-timing":"gfet4t7; dur=786","alt-svc":"h3=\":443\"; ma=2592000,h3-29=\":443\"; ma=2592000,h3-Q050=\":443\"; ma=2592000,h3-Q046=\":443\"; ma=2592000,h3-Q043=\":443\"; ma=2592000,quic=\":443\"; ma=2592000; v=\"46,43\"","accept-ranges":"none","transfer-encoding":"chunked"}
[debug] [2021-12-12T19:54:22.421Z] [iam] error while checking permissions, command may fail: FirebaseError: Authorization failed. This account is missing the following required permissions on project tarikdportfolio:

  firebase.projects.get
  firebasehosting.sites.update
[debug] [2021-12-12T19:54:22.421Z] > refreshing access token with scopes: []
[debug] [2021-12-12T19:54:22.421Z] >>> HTTP REQUEST POST https://www.googleapis.com/oauth2/v3/token  
 <request body omitted>
[debug] [2021-12-12T19:54:22.515Z] <<< HTTP RESPONSE 200 {"pragma":"no-cache","expires":"Mon, 01 Jan 1990 00:00:00 GMT","date":"Sun, 12 Dec 2021 19:54:21 GMT","cache-control":"no-cache, no-store, max-age=0, must-revalidate","content-type":"application/json; charset=utf-8","vary":"X-Origin, Referer, Origin,Accept-Encoding","server":"scaffolding on HTTPServer2","x-xss-protection":"0","x-frame-options":"SAMEORIGIN","x-content-type-options":"nosniff","alt-svc":"h3=\":443\"; ma=2592000,h3-29=\":443\"; ma=2592000,h3-Q050=\":443\"; ma=2592000,h3-Q046=\":443\"; ma=2592000,h3-Q043=\":443\"; ma=2592000,quic=\":443\"; ma=2592000; v=\"46,43\"","accept-ranges":"none","transfer-encoding":"chunked"}
[debug] [2021-12-12T19:54:22.546Z] >>> [apiv2][query] GET https://firebase.googleapis.com/v1beta1/projects/tarikdportfolio [none]
[debug] [2021-12-12T19:54:22.886Z] <<< [apiv2][status] GET https://firebase.googleapis.com/v1beta1/projects/tarikdportfolio 403
[debug] [2021-12-12T19:54:22.886Z] <<< [apiv2][body] GET https://firebase.googleapis.com/v1beta1/projects/tarikdportfolio {"error":{"code":403,"message":"The caller does not have permission","status":"PERMISSION_DENIED"}}
[debug] [2021-12-12T19:54:22.887Z] HTTP Error: 403, The caller does not have permission
[debug] [2021-12-12T19:54:22.999Z] FirebaseError: HTTP Error: 403, The caller does not have permission
    at module.exports (C:\Users\tarik\AppData\Roaming\npm\node_modules\firebase-tools\lib\responseToError.js:38:12)
    at Client.doRequest (C:\Users\tarik\AppData\Roaming\npm\node_modules\firebase-tools\lib\apiv2.js:241:23)
    at processTicksAndRejections (internal/process/task_queues.js:95:5)
    at async Client.request (C:\Users\tarik\AppData\Roaming\npm\node_modules\firebase-tools\lib\apiv2.js:96:20)
    at async Object.getFirebaseProject (C:\Users\tarik\AppData\Roaming\npm\node_modules\firebase-tools\lib\management\projects.js:290:21)
    at async Object.getDefaultHostingSite (C:\Users\tarik\AppData\Roaming\npm\node_modules\firebase-tools\lib\getDefaultHostingSite.js:8:21)
    at async requireHostingSite (C:\Users\tarik\AppData\Roaming\npm\node_modules\firebase-tools\lib\requireHostingSite.js:9:18)
    at async Object.fn (C:\Users\tarik\AppData\Roaming\npm\node_modules\firebase-tools\lib\commands\deploy.js:73:9)
    at async C:\Users\tarik\AppData\Roaming\npm\node_modules\firebase-tools\lib\command.js:188:17
[error] 
[error] Error: Failed to get Firebase project tarikdportfolio. Please make sure the project exists and your account has permission to access it.
